# JRE version: Java(TM) SE Runtime Environment (17.0.7+8) (build 17.0.7+8-LTS-224)
# Java VM: Java HotSpot(TM) 64-Bit Server VM (17.0.7+8-LTS-224, mixed mode, sharing, tiered, compressed oops, compressed class ptrs, g1 gc, windows-amd64)
GC Precious Log:
 CPUs: 8 total, 8 available
 Memory: 6019M
 Large Page Support: Disabled
 NUMA Support: Disabled
 Compressed Oops: Enabled (32-bit)
 Heap Region Size: 1M
 Heap Min Capacity: 8M
 Heap Initial Capacity: 96M
 Heap Max Capacity: 1506M
 Pre-touch: Disabled
 Parallel Workers: 8
 Concurrent Workers: 2
 Concurrent Refinement Workers: 8
 Periodic GC: Disabled
Heap:
 garbage-first heap   total 98304K, used 85088K [0x00000000a1e00000, 0x0000000100000000)
  region size 1024K, 41 young (41984K), 1 survivors (1024K)
 Metaspace       used 30087K, committed 30464K, reserved 1081344K
  class space    used 3626K, committed 3840K, reserved 1048576K
GC Heap History (12 events):
Event: 0.911 GC heap before
{Heap before GC invocations=0 (full 0):
 garbage-first heap   total 98304K, used 23552K [0x00000000a1e00000, 0x0000000100000000)
  region size 1024K, 23 young (23552K), 0 survivors (0K)
 Metaspace       used 5399K, committed 5568K, reserved 1056768K
  class space    used 649K, committed 768K, reserved 1048576K
}
Event: 0.921 GC heap after
{Heap after GC invocations=1 (full 0):
 garbage-first heap   total 98304K, used 3668K [0x00000000a1e00000, 0x0000000100000000)
  region size 1024K, 3 young (3072K), 3 survivors (3072K)
 Metaspace       used 5399K, committed 5568K, reserved 1056768K
  class space    used 649K, committed 768K, reserved 1048576K
}
Event: 1.662 GC heap before
{Heap before GC invocations=1 (full 0):
 garbage-first heap   total 98304K, used 34388K [0x00000000a1e00000, 0x0000000100000000)
  region size 1024K, 33 young (33792K), 3 survivors (3072K)
 Metaspace       used 9089K, committed 9216K, reserved 1064960K
  class space    used 1094K, committed 1152K, reserved 1048576K
}
Event: 1.670 GC heap after
{Heap after GC invocations=2 (full 0):
 garbage-first heap   total 98304K, used 5181K [0x00000000a1e00000, 0x0000000100000000)
  region size 1024K, 2 young (2048K), 2 survivors (2048K)
 Metaspace       used 9089K, committed 9216K, reserved 1064960K
  class space    used 1094K, committed 1152K, reserved 1048576K
}
Event: 3.359 GC heap before
{Heap before GC invocations=2 (full 0):
 garbage-first heap   total 98304K, used 61501K [0x00000000a1e00000, 0x0000000100000000)
  region size 1024K, 57 young (58368K), 2 survivors (2048K)
 Metaspace       used 15250K, committed 15424K, reserved 1064960K
  class space    used 1845K, committed 1920K, reserved 1048576K
}
Event: 3.379 GC heap after
{Heap after GC invocations=3 (full 0):
 garbage-first heap   total 98304K, used 11793K [0x00000000a1e00000, 0x0000000100000000)
  region size 1024K, 8 young (8192K), 8 survivors (8192K)
 Metaspace       used 15250K, committed 15424K, reserved 1064960K
  class space    used 1845K, committed 1920K, reserved 1048576K
}
Event: 4.897 GC heap before
{Heap before GC invocations=3 (full 0):
 garbage-first heap   total 98304K, used 62993K [0x00000000a1e00000, 0x0000000100000000)
  region size 1024K, 55 young (56320K), 8 survivors (8192K)
 Metaspace       used 21214K, committed 21504K, reserved 1073152K
  class space    used 2576K, committed 2752K, reserved 1048576K
}
Event: 4.926 GC heap after
{Heap after GC invocations=4 (full 0):
 garbage-first heap   total 98304K, used 22888K [0x00000000a1e00000, 0x0000000100000000)
  region size 1024K, 7 young (7168K), 7 survivors (7168K)
 Metaspace       used 21214K, committed 21504K, reserved 1073152K
  class space    used 2576K, committed 2752K, reserved 1048576K
}
Event: 6.209 GC heap before
{Heap before GC invocations=5 (full 0):
 garbage-first heap   total 81920K, used 63848K [0x00000000a1e00000, 0x0000000100000000)
  region size 1024K, 48 young (49152K), 7 survivors (7168K)
 Metaspace       used 26913K, committed 27264K, reserved 1081344K
  class space    used 3226K, committed 3392K, reserved 1048576K
}
Event: 6.220 GC heap after
{Heap after GC invocations=6 (full 0):
 garbage-first heap   total 98304K, used 20840K [0x00000000a1e00000, 0x0000000100000000)
  region size 1024K, 4 young (4096K), 4 survivors (4096K)
 Metaspace       used 26913K, committed 27264K, reserved 1081344K
  class space    used 3226K, committed 3392K, reserved 1048576K
}
Event: 6.236 GC heap before
{Heap before GC invocations=6 (full 0):
 garbage-first heap   total 98304K, used 21864K [0x00000000a1e00000, 0x0000000100000000)
  region size 1024K, 5 young (5120K), 4 survivors (4096K)
 Metaspace       used 27046K, committed 27328K, reserved 1081344K
  class space    used 3234K, committed 3392K, reserved 1048576K
}
Event: 6.244 GC heap after
{Heap after GC invocations=7 (full 0):
 garbage-first heap   total 98304K, used 20576K [0x00000000a1e00000, 0x0000000100000000)
  region size 1024K, 1 young (1024K), 1 survivors (1024K)
 Metaspace       used 27046K, committed 27328K, reserved 1081344K
  class space    used 3234K, committed 3392K, reserved 1048576K
}

